<?xml version="1.0" encoding="UTF-8"?>
<testng-results skipped="2" failed="0" total="11" passed="9">
  <reporter-output>
    <line>
      <![CDATA[PASSED | TEST ID : 1 | User is not able to login with invalid crediantials]]>
    </line>
    <line>
      <![CDATA[PASSED | TEST ID : 1 | User is not able to login with invalid crediantials]]>
    </line>
    <line>
      <![CDATA[PASSED | TEST ID : 1 | User is not able to login with invalid crediantials]]>
    </line>
    <line>
      <![CDATA[PASSED | TEST ID : 1 | User is not able to login with invalid crediantials]]>
    </line>
    <line>
      <![CDATA[PASSED | TEST ID : 1 | User is not able to login with invalid crediantials]]>
    </line>
    <line>
      <![CDATA[PASSED | TEST ID : 1 | User is not able to login with invalid crediantials]]>
    </line>
    <line>
      <![CDATA[PASSED | TEST ID : 1 | User is not able to login with invalid crediantials]]>
    </line>
    <line>
      <![CDATA[PASSED | TEST ID : 1 | User is not able to login with invalid crediantials]]>
    </line>
    <line>
      <![CDATA[PASSED | TEST ID : 2 | User is able to login with valid crediantials.]]>
    </line>
  </reporter-output>
  <suite name="MMOD Automation" duration-ms="232880" started-at="2015-12-11T13:37:26Z" finished-at="2015-12-11T13:41:19Z">
    <groups>
    </groups>
    <test name="Manage Organizations" duration-ms="84885" started-at="2015-12-11T13:37:26Z" finished-at="2015-12-11T13:38:51Z">
      <class name="com.emotion.tests.OrganizationTests">
        <test-method status="FAIL" signature="setUp()[pri:0, instance:com.emotion.tests.OrganizationTests@25b55403]" name="setUp" is-config="true" duration-ms="0" started-at="2015-12-11T19:07:26Z" finished-at="2015-12-11T19:07:26Z">
          <exception class="org.openqa.selenium.remote.UnreachableBrowserException">
            <message>
              <![CDATA[Error communicating with the remote browser. It may have died.
Build info: version: '2.45.0', revision: '5017cb8e7ca8e37638dc3091b2440b90a1d8686f', time: '2015-02-27 09:10:26'
System info: host: 'PS8586', ip: '10.77.164.53', os.name: 'Windows Server 2008 R2', os.arch: 'amd64', os.version: '6.1', java.version: '1.7.0_45'
Driver info: driver.version: RemoteWebDriver]]>
            </message>
            <full-stacktrace>
              <![CDATA[org.openqa.selenium.remote.UnreachableBrowserException: Error communicating with the remote browser. It may have died.
Build info: version: '2.45.0', revision: '5017cb8e7ca8e37638dc3091b2440b90a1d8686f', time: '2015-02-27 09:10:26'
System info: host: 'PS8586', ip: '10.77.164.53', os.name: 'Windows Server 2008 R2', os.arch: 'amd64', os.version: '6.1', java.version: '1.7.0_45'
Driver info: driver.version: RemoteWebDriver
	at org.openqa.selenium.remote.RemoteWebDriver.execute(RemoteWebDriver.java:593)
	at org.openqa.selenium.remote.RemoteWebDriver.get(RemoteWebDriver.java:304)
	at com.emotion.lib.Authentication.login(Authentication.java:53)
	at com.emotion.lib.Authentication.login(Authentication.java:47)
	at com.emotion.external.Fixtures.setupFixture(Fixtures.java:25)
	at com.emotion.tests.OrganizationTests.setUp(OrganizationTests.java:30)
	at sun.reflect.NativeMethodAccessorImpl.invoke0(Native Method)
	at sun.reflect.NativeMethodAccessorImpl.invoke(Unknown Source)
	at sun.reflect.DelegatingMethodAccessorImpl.invoke(Unknown Source)
	at java.lang.reflect.Method.invoke(Unknown Source)
	at org.testng.internal.MethodInvocationHelper.invokeMethod(MethodInvocationHelper.java:84)
	at org.testng.internal.Invoker.invokeConfigurationMethod(Invoker.java:564)
	at org.testng.internal.Invoker.invokeConfigurations(Invoker.java:213)
	at org.testng.internal.Invoker.invokeConfigurations(Invoker.java:138)
	at org.testng.internal.TestMethodWorker.invokeBeforeClassMethods(TestMethodWorker.java:175)
	at org.testng.internal.TestMethodWorker.run(TestMethodWorker.java:107)
	at org.testng.TestRunner.privateRun(TestRunner.java:767)
	at org.testng.TestRunner.run(TestRunner.java:617)
	at org.testng.SuiteRunner.runTest(SuiteRunner.java:334)
	at org.testng.SuiteRunner.runSequentially(SuiteRunner.java:329)
	at org.testng.SuiteRunner.privateRun(SuiteRunner.java:291)
	at org.testng.SuiteRunner.run(SuiteRunner.java:240)
	at org.testng.SuiteRunnerWorker.runSuite(SuiteRunnerWorker.java:52)
	at org.testng.SuiteRunnerWorker.run(SuiteRunnerWorker.java:86)
	at org.testng.TestNG.runSuitesSequentially(TestNG.java:1224)
	at org.testng.TestNG.runSuitesLocally(TestNG.java:1149)
	at org.testng.TestNG.run(TestNG.java:1057)
	at org.testng.remote.RemoteTestNG.run(RemoteTestNG.java:111)
	at org.testng.remote.RemoteTestNG.initAndRun(RemoteTestNG.java:204)
	at org.testng.remote.RemoteTestNG.main(RemoteTestNG.java:175)
Caused by: org.apache.http.conn.HttpHostConnectException: Connect to 127.0.0.1:7056 [/127.0.0.1] failed: Connection refused: connect
	at org.apache.http.impl.conn.HttpClientConnectionOperator.connect(HttpClientConnectionOperator.java:142)
	at org.apache.http.impl.conn.PoolingHttpClientConnectionManager.connect(PoolingHttpClientConnectionManager.java:319)
	at org.apache.http.impl.execchain.MainClientExec.establishRoute(MainClientExec.java:363)
	at org.apache.http.impl.execchain.MainClientExec.execute(MainClientExec.java:219)
	at org.apache.http.impl.execchain.ProtocolExec.execute(ProtocolExec.java:195)
	at org.apache.http.impl.execchain.RetryExec.execute(RetryExec.java:86)
	at org.apache.http.impl.execchain.RedirectExec.execute(RedirectExec.java:108)
	at org.apache.http.impl.client.InternalHttpClient.doExecute(InternalHttpClient.java:184)
	at org.apache.http.impl.client.CloseableHttpClient.execute(CloseableHttpClient.java:72)
	at org.apache.http.impl.client.CloseableHttpClient.execute(CloseableHttpClient.java:57)
	at org.openqa.selenium.remote.internal.ApacheHttpClient.fallBackExecute(ApacheHttpClient.java:144)
	at org.openqa.selenium.remote.internal.ApacheHttpClient.execute(ApacheHttpClient.java:72)
	at org.openqa.selenium.remote.HttpCommandExecutor.execute(HttpCommandExecutor.java:133)
	at org.openqa.selenium.firefox.internal.NewProfileExtensionConnection.execute(NewProfileExtensionConnection.java:165)
	at org.openqa.selenium.firefox.FirefoxDriver$LazyCommandExecutor.execute(FirefoxDriver.java:362)
	at org.openqa.selenium.remote.RemoteWebDriver.execute(RemoteWebDriver.java:572)
	... 29 more
Caused by: java.net.ConnectException: Connection refused: connect
	at java.net.DualStackPlainSocketImpl.waitForConnect(Native Method)
	at java.net.DualStackPlainSocketImpl.socketConnect(Unknown Source)
	at java.net.AbstractPlainSocketImpl.doConnect(Unknown Source)
	at java.net.AbstractPlainSocketImpl.connectToAddress(Unknown Source)
	at java.net.AbstractPlainSocketImpl.connect(Unknown Source)
	at java.net.PlainSocketImpl.connect(Unknown Source)
	at java.net.SocksSocketImpl.connect(Unknown Source)
	at java.net.Socket.connect(Unknown Source)
	at org.apache.http.conn.socket.PlainConnectionSocketFactory.connectSocket(PlainConnectionSocketFactory.java:72)
	at org.apache.http.impl.conn.HttpClientConnectionOperator.connect(HttpClientConnectionOperator.java:125)
	... 44 more
]]>
            </full-stacktrace>
          </exception> <!-- org.openqa.selenium.remote.UnreachableBrowserException -->
          <reporter-output>
          </reporter-output>
        </test-method> <!-- setUp -->
        <test-method status="SKIP" signature="verifyAddOrganization(java.lang.String, java.lang.String, java.lang.String, java.lang.String, java.lang.String, java.lang.String, java.lang.String, java.lang.String, java.lang.String, java.lang.String, java.lang.String, java.lang.String, java.lang.String, java.lang.String, java.lang.String, java.lang.String, java.lang.String)[pri:0, instance:com.emotion.tests.OrganizationTests@25b55403]" name="verifyAddOrganization" duration-ms="2" started-at="2015-12-11T19:08:51Z" description="TEST ID : 1 | verifyAddOrganization " data-provider="Organiztion_Details" finished-at="2015-12-11T19:08:51Z">
          <params>
            <param index="0">
              <value>
                <![CDATA[autoOrg777]]>
              </value>
            </param>
            <param index="1">
              <value>
                <![CDATA[test]]>
              </value>
            </param>
            <param index="2">
              <value>
                <![CDATA[test]]>
              </value>
            </param>
            <param index="3">
              <value>
                <![CDATA[autolast1]]>
              </value>
            </param>
            <param index="4">
              <value>
                <![CDATA[bhavna_karanjekar@persistent.co.in]]>
              </value>
            </param>
            <param index="5">
              <value>
                <![CDATA[444-525-5522]]>
              </value>
            </param>
            <param index="6">
              <value>
                <![CDATA[444-525-5522]]>
              </value>
            </param>
            <param index="7">
              <value>
                <![CDATA[test1]]>
              </value>
            </param>
            <param index="8">
              <value>
                <![CDATA[denver]]>
              </value>
            </param>
            <param index="9">
              <value>
                <![CDATA[CO]]>
              </value>
            </param>
            <param index="10">
              <value>
                <![CDATA[28277]]>
              </value>
            </param>
            <param index="11">
              <value>
                <![CDATA[United States]]>
              </value>
            </param>
            <param index="12">
              <value>
                <![CDATA[test2434]]>
              </value>
            </param>
            <param index="13">
              <value>
                <![CDATA[denver]]>
              </value>
            </param>
            <param index="14">
              <value>
                <![CDATA[CO]]>
              </value>
            </param>
            <param index="15">
              <value>
                <![CDATA[28277]]>
              </value>
            </param>
            <param index="16">
              <value>
                <![CDATA[United States]]>
              </value>
            </param>
          </params>
          <reporter-output>
          </reporter-output>
        </test-method> <!-- verifyAddOrganization -->
        <test-method status="SKIP" signature="verifyAddOrganization(java.lang.String, java.lang.String, java.lang.String, java.lang.String, java.lang.String, java.lang.String, java.lang.String, java.lang.String, java.lang.String, java.lang.String, java.lang.String, java.lang.String, java.lang.String, java.lang.String, java.lang.String, java.lang.String, java.lang.String)[pri:0, instance:com.emotion.tests.OrganizationTests@25b55403]" name="verifyAddOrganization" duration-ms="1" started-at="2015-12-11T19:08:51Z" description="TEST ID : 1 | verifyAddOrganization " data-provider="Organiztion_Details" finished-at="2015-12-11T19:08:51Z">
          <params>
            <param index="0">
              <value>
                <![CDATA[autoOrg888]]>
              </value>
            </param>
            <param index="1">
              <value>
                <![CDATA[test]]>
              </value>
            </param>
            <param index="2">
              <value>
                <![CDATA[test]]>
              </value>
            </param>
            <param index="3">
              <value>
                <![CDATA[autolast2]]>
              </value>
            </param>
            <param index="4">
              <value>
                <![CDATA[bhavna_karanjekar@persistent.co.in]]>
              </value>
            </param>
            <param index="5">
              <value>
                <![CDATA[444-525-5522]]>
              </value>
            </param>
            <param index="6">
              <value>
                <![CDATA[444-525-5522]]>
              </value>
            </param>
            <param index="7">
              <value>
                <![CDATA[test2]]>
              </value>
            </param>
            <param index="8">
              <value>
                <![CDATA[charlotte]]>
              </value>
            </param>
            <param index="9">
              <value>
                <![CDATA[NC]]>
              </value>
            </param>
            <param index="10">
              <value>
                <![CDATA[28277]]>
              </value>
            </param>
            <param index="11">
              <value>
                <![CDATA[United States]]>
              </value>
            </param>
            <param index="12">
              <value>
                <![CDATA[test346345]]>
              </value>
            </param>
            <param index="13">
              <value>
                <![CDATA[charlotte]]>
              </value>
            </param>
            <param index="14">
              <value>
                <![CDATA[NC]]>
              </value>
            </param>
            <param index="15">
              <value>
                <![CDATA[28277]]>
              </value>
            </param>
            <param index="16">
              <value>
                <![CDATA[United States]]>
              </value>
            </param>
          </params>
          <reporter-output>
          </reporter-output>
        </test-method> <!-- verifyAddOrganization -->
        <test-method status="SKIP" signature="tearDown()[pri:0, instance:com.emotion.tests.OrganizationTests@25b55403]" name="tearDown" is-config="true" duration-ms="0" started-at="2015-12-11T19:08:51Z" finished-at="2015-12-11T19:08:51Z">
          <reporter-output>
          </reporter-output>
        </test-method> <!-- tearDown -->
      </class> <!-- com.emotion.tests.OrganizationTests -->
    </test> <!-- Manage Organizations -->
    <test name="MMOD Login tests" duration-ms="147855" started-at="2015-12-11T13:38:51Z" finished-at="2015-12-11T13:41:19Z">
      <class name="com.emotion.tests.LoginTests">
        <test-method status="PASS" signature="setUp()[pri:0, instance:com.emotion.tests.LoginTests@bd53277]" name="setUp" is-config="true" duration-ms="14761" started-at="2015-12-11T19:08:51Z" finished-at="2015-12-11T19:09:06Z">
          <reporter-output>
          </reporter-output>
        </test-method> <!-- setUp -->
        <test-method status="PASS" signature="verifyInvalidLogins(java.lang.String, java.lang.String)[pri:0, instance:com.emotion.tests.LoginTests@bd53277]" name="verifyInvalidLogins" duration-ms="115372" started-at="2015-12-11T19:09:06Z" description="TEST ID : 1 | Authentication Test" data-provider="Credentials" finished-at="2015-12-11T19:11:02Z">
          <params>
            <param index="0">
              <value>
                <![CDATA[administrator]]>
              </value>
            </param>
            <param index="1">
              <value>
                <![CDATA[password]]>
              </value>
            </param>
          </params>
          <reporter-output>
            <line>
              <![CDATA[PASSED | TEST ID : 1 | User is not able to login with invalid crediantials]]>
            </line>
          </reporter-output>
        </test-method> <!-- verifyInvalidLogins -->
        <test-method status="PASS" signature="verifyInvalidLogins(java.lang.String, java.lang.String)[pri:0, instance:com.emotion.tests.LoginTests@bd53277]" name="verifyInvalidLogins" duration-ms="2082" started-at="2015-12-11T19:11:02Z" description="TEST ID : 1 | Authentication Test" data-provider="Credentials" finished-at="2015-12-11T19:11:04Z">
          <params>
            <param index="0">
              <value>
                <![CDATA[CreativeAuto]]>
              </value>
            </param>
            <param index="1">
              <value>
                <![CDATA[password]]>
              </value>
            </param>
          </params>
          <reporter-output>
            <line>
              <![CDATA[PASSED | TEST ID : 1 | User is not able to login with invalid crediantials]]>
            </line>
          </reporter-output>
        </test-method> <!-- verifyInvalidLogins -->
        <test-method status="PASS" signature="verifyInvalidLogins(java.lang.String, java.lang.String)[pri:0, instance:com.emotion.tests.LoginTests@bd53277]" name="verifyInvalidLogins" duration-ms="2563" started-at="2015-12-11T19:11:04Z" description="TEST ID : 1 | Authentication Test" data-provider="Credentials" finished-at="2015-12-11T19:11:06Z">
          <params>
            <param index="0">
              <value>
                <![CDATA[mpadmin]]>
              </value>
            </param>
            <param index="1">
              <value>
                <![CDATA[]]>
              </value>
            </param>
          </params>
          <reporter-output>
            <line>
              <![CDATA[PASSED | TEST ID : 1 | User is not able to login with invalid crediantials]]>
            </line>
          </reporter-output>
        </test-method> <!-- verifyInvalidLogins -->
        <test-method status="PASS" signature="verifyInvalidLogins(java.lang.String, java.lang.String)[pri:0, instance:com.emotion.tests.LoginTests@bd53277]" name="verifyInvalidLogins" duration-ms="1901" started-at="2015-12-11T19:11:06Z" description="TEST ID : 1 | Authentication Test" data-provider="Credentials" finished-at="2015-12-11T19:11:08Z">
          <params>
            <param index="0">
              <value>
                <![CDATA[incorrect]]>
              </value>
            </param>
            <param index="1">
              <value>
                <![CDATA[password]]>
              </value>
            </param>
          </params>
          <reporter-output>
            <line>
              <![CDATA[PASSED | TEST ID : 1 | User is not able to login with invalid crediantials]]>
            </line>
          </reporter-output>
        </test-method> <!-- verifyInvalidLogins -->
        <test-method status="PASS" signature="verifyInvalidLogins(java.lang.String, java.lang.String)[pri:0, instance:com.emotion.tests.LoginTests@bd53277]" name="verifyInvalidLogins" duration-ms="2502" started-at="2015-12-11T19:11:08Z" description="TEST ID : 1 | Authentication Test" data-provider="Credentials" finished-at="2015-12-11T19:11:11Z">
          <params>
            <param index="0">
              <value>
                <![CDATA[test&&123]]>
              </value>
            </param>
            <param index="1">
              <value>
                <![CDATA[password]]>
              </value>
            </param>
          </params>
          <reporter-output>
            <line>
              <![CDATA[PASSED | TEST ID : 1 | User is not able to login with invalid crediantials]]>
            </line>
          </reporter-output>
        </test-method> <!-- verifyInvalidLogins -->
        <test-method status="PASS" signature="verifyInvalidLogins(java.lang.String, java.lang.String)[pri:0, instance:com.emotion.tests.LoginTests@bd53277]" name="verifyInvalidLogins" duration-ms="1914" started-at="2015-12-11T19:11:11Z" description="TEST ID : 1 | Authentication Test" data-provider="Credentials" finished-at="2015-12-11T19:11:13Z">
          <params>
            <param index="0">
              <value>
                <![CDATA[1234]]>
              </value>
            </param>
            <param index="1">
              <value>
                <![CDATA[pass]]>
              </value>
            </param>
          </params>
          <reporter-output>
            <line>
              <![CDATA[PASSED | TEST ID : 1 | User is not able to login with invalid crediantials]]>
            </line>
          </reporter-output>
        </test-method> <!-- verifyInvalidLogins -->
        <test-method status="PASS" signature="verifyInvalidLogins(java.lang.String, java.lang.String)[pri:0, instance:com.emotion.tests.LoginTests@bd53277]" name="verifyInvalidLogins" duration-ms="1908" started-at="2015-12-11T19:11:13Z" description="TEST ID : 1 | Authentication Test" data-provider="Credentials" finished-at="2015-12-11T19:11:15Z">
          <params>
            <param index="0">
              <value>
                <![CDATA[!@#$%^&]]>
              </value>
            </param>
            <param index="1">
              <value>
                <![CDATA[!@#$%^&]]>
              </value>
            </param>
          </params>
          <reporter-output>
            <line>
              <![CDATA[PASSED | TEST ID : 1 | User is not able to login with invalid crediantials]]>
            </line>
          </reporter-output>
        </test-method> <!-- verifyInvalidLogins -->
        <test-method status="PASS" signature="verifyInvalidLogins(java.lang.String, java.lang.String)[pri:0, instance:com.emotion.tests.LoginTests@bd53277]" name="verifyInvalidLogins" duration-ms="2029" started-at="2015-12-11T19:11:15Z" description="TEST ID : 1 | Authentication Test" data-provider="Credentials" finished-at="2015-12-11T19:11:17Z">
          <params>
            <param index="0">
              <value>
                <![CDATA[mpadmin]]>
              </value>
            </param>
            <param index="1">
              <value>
                <![CDATA[!@#test]]>
              </value>
            </param>
          </params>
          <reporter-output>
            <line>
              <![CDATA[PASSED | TEST ID : 1 | User is not able to login with invalid crediantials]]>
            </line>
          </reporter-output>
        </test-method> <!-- verifyInvalidLogins -->
        <test-method status="PASS" signature="verifyValidLogin()[pri:0, instance:com.emotion.tests.LoginTests@bd53277]" name="verifyValidLogin" duration-ms="2021" started-at="2015-12-11T19:11:17Z" description="TEST ID : 2 | Authentication Test" finished-at="2015-12-11T19:11:19Z">
          <reporter-output>
            <line>
              <![CDATA[PASSED | TEST ID : 2 | User is able to login with valid crediantials.]]>
            </line>
          </reporter-output>
        </test-method> <!-- verifyValidLogin -->
        <test-method status="PASS" signature="tearDown()[pri:0, instance:com.emotion.tests.LoginTests@bd53277]" name="tearDown" is-config="true" duration-ms="468" started-at="2015-12-11T19:11:19Z" finished-at="2015-12-11T19:11:19Z">
          <reporter-output>
          </reporter-output>
        </test-method> <!-- tearDown -->
      </class> <!-- com.emotion.tests.LoginTests -->
    </test> <!-- MMOD Login tests -->
  </suite> <!-- MMOD Automation -->
</testng-results>
