<?xml version="1.0" encoding="UTF-8"?>
<!-- Generated by org.testng.reporters.JUnitReportReporter -->
<testsuite hostname="PS8586" name="com.emotion.tests.CollectionTests" tests="4" failures="1" timestamp="17 Jun 2015 09:24:57 GMT" time="116.212" errors="0">
  <testcase name="verifyDeleteCollection" time="16.275" classname="com.emotion.tests.CollectionTests">
    <failure type="com.emotion.core.FrameworkException" message="No such collection present:CollectionNotPresent">
      <![CDATA[com.emotion.core.FrameworkException: No such collection present:CollectionNotPresent
	at com.emotion.lib.CollectionManager.selectCollection(CollectionManager.java:222)
	at com.emotion.lib.CollectionManager.deleteCollection(CollectionManager.java:228)
	at com.emotion.tests.CollectionTests.verifyDeleteCollection(CollectionTests.java:131)
	at sun.reflect.NativeMethodAccessorImpl.invoke0(Native Method)
	at sun.reflect.NativeMethodAccessorImpl.invoke(Unknown Source)
	at sun.reflect.DelegatingMethodAccessorImpl.invoke(Unknown Source)
	at java.lang.reflect.Method.invoke(Unknown Source)
	at org.testng.internal.MethodInvocationHelper.invokeMethod(MethodInvocationHelper.java:84)
	at org.testng.internal.Invoker.invokeMethod(Invoker.java:714)
	at org.testng.internal.Invoker.invokeTestMethod(Invoker.java:901)
	at org.testng.internal.Invoker.invokeTestMethods(Invoker.java:1231)
	at org.testng.internal.TestMethodWorker.invokeTestMethods(TestMethodWorker.java:127)
	at org.testng.internal.TestMethodWorker.run(TestMethodWorker.java:111)
	at org.testng.TestRunner.privateRun(TestRunner.java:767)
	at org.testng.TestRunner.run(TestRunner.java:617)
	at org.testng.SuiteRunner.runTest(SuiteRunner.java:334)
	at org.testng.SuiteRunner.runSequentially(SuiteRunner.java:329)
	at org.testng.SuiteRunner.privateRun(SuiteRunner.java:291)
	at org.testng.SuiteRunner.run(SuiteRunner.java:240)
	at org.testng.SuiteRunnerWorker.runSuite(SuiteRunnerWorker.java:52)
	at org.testng.SuiteRunnerWorker.run(SuiteRunnerWorker.java:86)
	at org.testng.TestNG.runSuitesSequentially(TestNG.java:1224)
	at org.testng.TestNG.runSuitesLocally(TestNG.java:1149)
	at org.testng.TestNG.run(TestNG.java:1057)
	at org.testng.remote.RemoteTestNG.run(RemoteTestNG.java:111)
	at org.testng.remote.RemoteTestNG.initAndRun(RemoteTestNG.java:204)
	at org.testng.remote.RemoteTestNG.main(RemoteTestNG.java:175)
]]>
    </failure>
  </testcase> <!-- verifyDeleteCollection -->
  <testcase name="verifyDeleteCollection" time="29.136" classname="com.emotion.tests.CollectionTests"/>
  <testcase name="verifyCreateCollection" time="38.336" classname="com.emotion.tests.CollectionTests"/>
  <testcase name="verifyEditCollection" time="32.465" classname="com.emotion.tests.CollectionTests"/>
</testsuite> <!-- com.emotion.tests.CollectionTests -->
