<?xml version="1.0" encoding="UTF-8"?>
<!-- Generated by org.testng.reporters.JUnitXMLReporter -->
<testsuite hostname="PS8586" name="Asset Operations Tests" tests="15" failures="15" timestamp="26 Nov 2015 13:27:59 GMT" time="33.138" errors="0">
  <testcase name="verifyDownloadAsset" time="1.409" classname="com.emotion.tests.AssetOperationsTests">
    <failure type="com.emotion.core.FrameworkException" message="Collection not found: test123">
      <![CDATA[com.emotion.core.FrameworkException: Collection not found: test123
	at com.emotion.lib.Collection.selectCollection(Collection.java:46)
	at com.emotion.tests.AssetOperationsTests.verifyDownloadAsset(AssetOperationsTests.java:37)
... Removed 24 stack frames]]>
    </failure>
  </testcase> <!-- verifyDownloadAsset -->
  <testcase name="verifyDownloadAsset" time="1.458" classname="com.emotion.tests.AssetOperationsTests">
    <failure type="com.emotion.core.FrameworkException" message="Collection not found: test123">
      <![CDATA[com.emotion.core.FrameworkException: Collection not found: test123
	at com.emotion.lib.Collection.selectCollection(Collection.java:46)
	at com.emotion.tests.AssetOperationsTests.verifyDownloadAsset(AssetOperationsTests.java:37)
... Removed 24 stack frames]]>
    </failure>
  </testcase> <!-- verifyDownloadAsset -->
  <testcase name="verifyTransmitAsset" time="1.399" classname="com.emotion.tests.AssetOperationsTests">
    <failure type="com.emotion.core.FrameworkException" message="Collection not found: test123">
      <![CDATA[com.emotion.core.FrameworkException: Collection not found: test123
	at com.emotion.lib.Collection.selectCollection(Collection.java:46)
	at com.emotion.tests.AssetOperationsTests.verifyTransmitAsset(AssetOperationsTests.java:92)
... Removed 24 stack frames]]>
    </failure>
  </testcase> <!-- verifyTransmitAsset -->
  <testcase name="verifyTransmitAsset" time="1.517" classname="com.emotion.tests.AssetOperationsTests">
    <failure type="com.emotion.core.FrameworkException" message="Collection not found: test123">
      <![CDATA[com.emotion.core.FrameworkException: Collection not found: test123
	at com.emotion.lib.Collection.selectCollection(Collection.java:46)
	at com.emotion.tests.AssetOperationsTests.verifyTransmitAsset(AssetOperationsTests.java:92)
... Removed 24 stack frames]]>
    </failure>
  </testcase> <!-- verifyTransmitAsset -->
  <testcase name="verifyExportMetadata" time="1.436" classname="com.emotion.tests.AssetOperationsTests">
    <failure type="com.emotion.core.FrameworkException" message="Collection not found: test123">
      <![CDATA[com.emotion.core.FrameworkException: Collection not found: test123
	at com.emotion.lib.Collection.selectCollection(Collection.java:46)
	at com.emotion.tests.AssetOperationsTests.verifyExportMetadata(AssetOperationsTests.java:137)
... Removed 24 stack frames]]>
    </failure>
  </testcase> <!-- verifyExportMetadata -->
  <testcase name="verifyExportAllMetadata" time="1.468" classname="com.emotion.tests.AssetOperationsTests">
    <failure type="com.emotion.core.FrameworkException" message="Collection not found: test123">
      <![CDATA[com.emotion.core.FrameworkException: Collection not found: test123
	at com.emotion.lib.Collection.selectCollection(Collection.java:46)
	at com.emotion.tests.AssetOperationsTests.verifyExportAllMetadata(AssetOperationsTests.java:173)
... Removed 24 stack frames]]>
    </failure>
  </testcase> <!-- verifyExportAllMetadata -->
  <testcase name="verifyOrderAssets" time="1.535" classname="com.emotion.tests.AssetOperationsTests">
    <failure type="com.emotion.core.FrameworkException" message="Collection not found: test123">
      <![CDATA[com.emotion.core.FrameworkException: Collection not found: test123
	at com.emotion.lib.Collection.selectCollection(Collection.java:46)
	at com.emotion.tests.AssetOperationsTests.verifyOrderAssets(AssetOperationsTests.java:208)
... Removed 24 stack frames]]>
    </failure>
  </testcase> <!-- verifyOrderAssets -->
  <testcase name="verifyAddToCartAndOrder" time="1.442" classname="com.emotion.tests.AssetOperationsTests">
    <failure type="com.emotion.core.FrameworkException" message="Collection not found: Cricket">
      <![CDATA[com.emotion.core.FrameworkException: Collection not found: Cricket
	at com.emotion.lib.Collection.selectCollection(Collection.java:46)
	at com.emotion.tests.AssetOperationsTests.verifyAddToCartAndOrder(AssetOperationsTests.java:264)
... Removed 24 stack frames]]>
    </failure>
  </testcase> <!-- verifyAddToCartAndOrder -->
  <testcase name="verifyReindex" time="1.454" classname="com.emotion.tests.AssetOperationsTests">
    <failure type="com.emotion.core.FrameworkException" message="Collection not found: test123">
      <![CDATA[com.emotion.core.FrameworkException: Collection not found: test123
	at com.emotion.lib.Collection.selectCollection(Collection.java:46)
	at com.emotion.tests.AssetOperationsTests.verifyReindex(AssetOperationsTests.java:319)
... Removed 24 stack frames]]>
    </failure>
  </testcase> <!-- verifyReindex -->
  <testcase name="verifyDelete" time="1.485" classname="com.emotion.tests.AssetOperationsTests">
    <failure type="com.emotion.core.FrameworkException" message="Collection not found: LocalCollection">
      <![CDATA[com.emotion.core.FrameworkException: Collection not found: LocalCollection
	at com.emotion.lib.Collection.selectCollection(Collection.java:46)
	at com.emotion.tests.AssetOperationsTests.verifyDelete(AssetOperationsTests.java:343)
... Removed 24 stack frames]]>
    </failure>
  </testcase> <!-- verifyDelete -->
  <testcase name="verifyCopyAsset" time="1.417" classname="com.emotion.tests.AssetOperationsTests">
    <failure type="com.emotion.core.FrameworkException" message="Collection not found: testCollection">
      <![CDATA[com.emotion.core.FrameworkException: Collection not found: testCollection
	at com.emotion.lib.Collection.selectCollection(Collection.java:46)
	at com.emotion.tests.AssetOperationsTests.verifyCopyAsset(AssetOperationsTests.java:375)
... Removed 24 stack frames]]>
    </failure>
  </testcase> <!-- verifyCopyAsset -->
  <testcase name="verifyCopyAsset" time="1.497" classname="com.emotion.tests.AssetOperationsTests">
    <failure type="com.emotion.core.FrameworkException" message="Collection not found: testCollection">
      <![CDATA[com.emotion.core.FrameworkException: Collection not found: testCollection
	at com.emotion.lib.Collection.selectCollection(Collection.java:46)
	at com.emotion.tests.AssetOperationsTests.verifyCopyAsset(AssetOperationsTests.java:375)
... Removed 24 stack frames]]>
    </failure>
  </testcase> <!-- verifyCopyAsset -->
  <testcase name="verifyMoveAsset" time="1.346" classname="com.emotion.tests.AssetOperationsTests">
    <failure type="com.emotion.core.FrameworkException" message="Collection not found: testCollection">
      <![CDATA[com.emotion.core.FrameworkException: Collection not found: testCollection
	at com.emotion.lib.Collection.selectCollection(Collection.java:46)
	at com.emotion.tests.AssetOperationsTests.verifyMoveAsset(AssetOperationsTests.java:410)
... Removed 24 stack frames]]>
    </failure>
  </testcase> <!-- verifyMoveAsset -->
  <testcase name="verifyMoveAsset" time="1.537" classname="com.emotion.tests.AssetOperationsTests">
    <failure type="com.emotion.core.FrameworkException" message="Collection not found: Collection List">
      <![CDATA[com.emotion.core.FrameworkException: Collection not found: Collection List
	at com.emotion.lib.Collection.selectCollection(Collection.java:46)
	at com.emotion.tests.AssetOperationsTests.verifyMoveAsset(AssetOperationsTests.java:410)
... Removed 24 stack frames]]>
    </failure>
  </testcase> <!-- verifyMoveAsset -->
  <testcase name="verifyCaptionAsset" time="1.491" classname="com.emotion.tests.AssetOperationsTests">
    <failure type="com.emotion.core.FrameworkException" message="Collection not found: LocalCollection">
      <![CDATA[com.emotion.core.FrameworkException: Collection not found: LocalCollection
	at com.emotion.lib.Collection.selectCollection(Collection.java:46)
	at com.emotion.tests.AssetOperationsTests.verifyCaptionAsset(AssetOperationsTests.java:442)
... Removed 24 stack frames]]>
    </failure>
  </testcase> <!-- verifyCaptionAsset -->
</testsuite> <!-- Asset Operations Tests -->
